{"timestamp": "2026-03-29T18:32:13.862094Z", "level": "ERROR", "module": "GlobalUtils.logger", "message": "MatchingEngine - Funding rates are empty or not passed correctly."}
{"timestamp": "2026-03-29T18:32:53.089096Z", "level": "ERROR", "module": "GlobalUtils.logger", "message": "MatchingEngine - Funding rates are empty or not passed correctly."}
{"timestamp": "2026-03-29T18:35:22.863799Z", "level": "ERROR", "module": "GlobalUtils.logger", "message": "MatchingEngine - Funding rates are empty or not passed correctly."}
{"timestamp": "2026-03-29T18:38:08.233364Z", "level": "ERROR", "module": "GlobalUtils.logger", "message": "MatchingEngine - Funding rates are empty or not passed correctly."}
{"timestamp": "2026-03-29T18:47:13.640498Z", "level": "ERROR", "module": "GlobalUtils.logger", "message": "MatchingEngine - Funding rates are empty or not passed correctly."}
{"timestamp": "2026-03-29T18:53:49.343624Z", "level": "ERROR", "module": "GlobalUtils.logger", "message": "MatchingEngine - Funding rates are empty or not passed correctly."}
{"timestamp": "2026-03-29T18:53:49.362693Z", "level": "WARNING", "module": "GlobalUtils.logger", "message": "ExecutionSafety - Attempt 1/3 failed: Temporary failure"}
{"timestamp": "2026-03-29T18:53:49.362925Z", "level": "INFO", "module": "GlobalUtils.logger", "message": "ExecutionSafety - Retrying in 0.01s..."}
{"timestamp": "2026-03-29T18:53:49.373961Z", "level": "WARNING", "module": "GlobalUtils.logger", "message": "ExecutionSafety - Attempt 1/2 failed: Permanent failure"}
{"timestamp": "2026-03-29T18:53:49.374091Z", "level": "INFO", "module": "GlobalUtils.logger", "message": "ExecutionSafety - Retrying in 0.01s..."}
{"timestamp": "2026-03-29T18:53:49.385076Z", "level": "WARNING", "module": "GlobalUtils.logger", "message": "ExecutionSafety - Attempt 2/2 failed: Permanent failure"}
{"timestamp": "2026-03-29T18:53:49.385516Z", "level": "ERROR", "module": "GlobalUtils.logger", "message": "ExecutionSafety - All 2 attempts failed. Last error: Permanent failure"}
{"timestamp": "2026-03-29T18:53:49.387250Z", "level": "INFO", "module": "GlobalUtils.logger", "message": "ExecutionSafety - Registered order order-1 for BTC on Binance (long)"}
{"timestamp": "2026-03-29T18:53:49.387640Z", "level": "INFO", "module": "GlobalUtils.logger", "message": "ExecutionSafety - Registered order order-1 for BTC on Binance (long)"}
{"timestamp": "2026-03-29T18:53:49.387977Z", "level": "INFO", "module": "GlobalUtils.logger", "message": "ExecutionSafety - Spread validation passed. Deterioration: 0.000000"}
{"timestamp": "2026-03-29T18:53:49.388365Z", "level": "WARNING", "module": "GlobalUtils.logger", "message": "ExecutionSafety - Spread deteriorated beyond threshold. Original: 0.007000, Current: 0.000000, Deterioration: 0.007000, Max allowed: 0.001000"}
{"timestamp": "2026-03-29T19:14:38.615671+00:00", "level": "ERROR", "module": "GlobalUtils.logger", "message": "MatchingEngine - Funding rates are empty or not passed correctly."}
{"timestamp": "2026-03-29T19:21:08.337649+00:00", "level": "ERROR", "module": "GlobalUtils.logger", "message": "MatchingEngine - Funding rates are empty or not passed correctly."}
{"timestamp": "2026-03-29T19:21:08.400560+00:00", "level": "WARNING", "module": "GlobalUtils.logger", "message": "ExecutionSafety - Attempt 1/3 failed: Temporary failure"}
{"timestamp": "2026-03-29T19:21:08.400850+00:00", "level": "INFO", "module": "GlobalUtils.logger", "message": "ExecutionSafety - Retrying in 0.01s..."}
{"timestamp": "2026-03-29T19:21:08.411970+00:00", "level": "WARNING", "module": "GlobalUtils.logger", "message": "ExecutionSafety - Attempt 1/2 failed: Permanent failure"}
{"timestamp": "2026-03-29T19:21:08.412241+00:00", "level": "INFO", "module": "GlobalUtils.logger", "message": "ExecutionSafety - Retrying in 0.01s..."}
{"timestamp": "2026-03-29T19:21:08.422919+00:00", "level": "WARNING", "module": "GlobalUtils.logger", "message": "ExecutionSafety - Attempt 2/2 failed: Permanent failure"}
{"timestamp": "2026-03-29T19:21:08.423103+00:00", "level": "ERROR", "module": "GlobalUtils.logger", "message": "ExecutionSafety - All 2 attempts failed. Last error: Permanent failure"}
{"timestamp": "2026-03-29T19:21:08.424078+00:00", "level": "INFO", "module": "GlobalUtils.logger", "message": "ExecutionSafety - Registered order order-1 for BTC on Binance (long)"}
{"timestamp": "2026-03-29T19:21:08.424487+00:00", "level": "INFO", "module": "GlobalUtils.logger", "message": "ExecutionSafety - Registered order order-1 for BTC on Binance (long)"}
{"timestamp": "2026-03-29T19:21:08.424906+00:00", "level": "INFO", "module": "GlobalUtils.logger", "message": "ExecutionSafety - Spread validation passed. Deterioration: 0.000000"}
{"timestamp": "2026-03-29T19:21:08.425362+00:00", "level": "WARNING", "module": "GlobalUtils.logger", "message": "ExecutionSafety - Spread deteriorated beyond threshold. Original: 0.007000, Current: 0.000000, Deterioration: 0.007000, Max allowed: 0.001000"}
{"timestamp": "2026-03-29T19:21:08.452654+00:00", "level": "INFO", "module": "GlobalUtils.logger", "message": "RiskManager initialized - Max exposure/asset: $5000.0, Max leverage: 10.0x, Daily loss cap: $500.0"}
{"timestamp": "2026-03-29T19:21:08.459197+00:00", "level": "ERROR", "module": "GlobalUtils.logger", "message": "RiskManager - Error getting asset exposure for BTC: no such column: fill_price"}
{"timestamp": "2026-03-29T19:21:08.461108+00:00", "level": "ERROR", "module": "GlobalUtils.logger", "message": "RiskManager - Error getting exchange exposure for Binance: no such column: fill_price"}
{"timestamp": "2026-03-29T19:21:08.463328+00:00", "level": "ERROR", "module": "GlobalUtils.logger", "message": "RiskManager - Error getting exchange exposure for ByBit: no such column: fill_price"}
{"timestamp": "2026-03-29T19:21:08.465317+00:00", "level": "ERROR", "module": "GlobalUtils.logger", "message": "RiskManager - Error getting total exposure: no such column: fill_price"}
{"timestamp": "2026-03-29T19:21:08.483766+00:00", "level": "INFO", "module": "GlobalUtils.logger", "message": "RiskManager initialized - Max exposure/asset: $5000.0, Max leverage: 10.0x, Daily loss cap: $500.0"}
{"timestamp": "2026-03-29T19:21:08.504905+00:00", "level": "WARNING", "module": "GlobalUtils.logger", "message": "RiskManager - Daily loss cap reached: $600.00 >= $500.00"}
{"timestamp": "2026-03-29T19:21:08.520909+00:00", "level": "INFO", "module": "GlobalUtils.logger", "message": "RiskManager initialized - Max exposure/asset: $5000.0, Max leverage: 10.0x, Daily loss cap: $500.0"}
{"timestamp": "2026-03-29T19:21:08.551346+00:00", "level": "INFO", "module": "GlobalUtils.logger", "message": "RiskManager initialized - Max exposure/asset: $5000.0, Max leverage: 10.0x, Daily loss cap: $500.0"}
{"timestamp": "2026-03-29T19:21:08.577583+00:00", "level": "ERROR", "module": "GlobalUtils.logger", "message": "RiskManager - Error getting asset exposure for BTC: no such column: fill_price"}
{"timestamp": "2026-03-29T19:21:08.579979+00:00", "level": "ERROR", "module": "GlobalUtils.logger", "message": "RiskManager - Error getting exchange exposure for Binance: no such column: fill_price"}
{"timestamp": "2026-03-29T19:21:08.582300+00:00", "level": "ERROR", "module": "GlobalUtils.logger", "message": "RiskManager - Error getting exchange exposure for ByBit: no such column: fill_price"}
{"timestamp": "2026-03-29T19:21:08.584946+00:00", "level": "ERROR", "module": "GlobalUtils.logger", "message": "RiskManager - Error getting total exposure: no such column: fill_price"}
{"timestamp": "2026-03-29T19:21:08.602267+00:00", "level": "INFO", "module": "GlobalUtils.logger", "message": "RiskManager initialized - Max exposure/asset: $5000.0, Max leverage: 10.0x, Daily loss cap: $500.0"}
{"timestamp": "2026-03-29T19:21:08.609998+00:00", "level": "ERROR", "module": "GlobalUtils.logger", "message": "RiskManager - Error getting asset exposure for BTC: no such column: fill_price"}
{"timestamp": "2026-03-29T19:21:08.612718+00:00", "level": "ERROR", "module": "GlobalUtils.logger", "message": "RiskManager - Error getting exchange exposure for Binance: no such column: fill_price"}
{"timestamp": "2026-03-29T19:21:08.615594+00:00", "level": "ERROR", "module": "GlobalUtils.logger", "message": "RiskManager - Error getting exchange exposure for ByBit: no such column: fill_price"}
{"timestamp": "2026-03-29T19:21:08.619277+00:00", "level": "ERROR", "module": "GlobalUtils.logger", "message": "RiskManager - Error getting total exposure: no such column: fill_price"}
{"timestamp": "2026-03-29T19:21:08.638231+00:00", "level": "INFO", "module": "GlobalUtils.logger", "message": "RiskManager initialized - Max exposure/asset: $5000.0, Max leverage: 10.0x, Daily loss cap: $500.0"}
{"timestamp": "2026-03-29T19:21:08.658836+00:00", "level": "WARNING", "module": "GlobalUtils.logger", "message": "RiskManager - Position open for 100.0h exceeds max horizon of 72.0h. Forcing exit."}
{"timestamp": "2026-03-29T19:21:08.675820+00:00", "level": "INFO", "module": "GlobalUtils.logger", "message": "RiskManager initialized - Max exposure/asset: $5000.0, Max leverage: 10.0x, Daily loss cap: $500.0"}
{"timestamp": "2026-03-29T19:21:08.691145+00:00", "level": "INFO", "module": "GlobalUtils.logger", "message": "RiskManager initialized - Max exposure/asset: $5000.0, Max leverage: 10.0x, Daily loss cap: $500.0"}
{"timestamp": "2026-03-29T19:21:08.691818+00:00", "level": "WARNING", "module": "GlobalUtils.logger", "message": "RiskManager - EMERGENCY KILL SWITCH IS ACTIVE. No new trades allowed."}
{"timestamp": "2026-03-29T19:21:08.705704+00:00", "level": "INFO", "module": "GlobalUtils.logger", "message": "RiskManager initialized - Max exposure/asset: $5000.0, Max leverage: 10.0x, Daily loss cap: $500.0"}
{"timestamp": "2026-03-29T19:21:08.706210+00:00", "level": "WARNING", "module": "GlobalUtils.logger", "message": "RiskManager - EMERGENCY KILL SWITCH IS ACTIVE. No new trades allowed."}
{"timestamp": "2026-03-29T19:21:08.720642+00:00", "level": "INFO", "module": "GlobalUtils.logger", "message": "RiskManager initialized - Max exposure/asset: $5000.0, Max leverage: 10.0x, Daily loss cap: $500.0"}
{"timestamp": "2026-03-29T19:21:08.734650+00:00", "level": "INFO", "module": "GlobalUtils.logger", "message": "RiskManager initialized - Max exposure/asset: $5000.0, Max leverage: 10.0x, Daily loss cap: $500.0"}
{"timestamp": "2026-03-29T19:21:08.735193+00:00", "level": "WARNING", "module": "GlobalUtils.logger", "message": "RiskManager - Leverage 15.0x exceeds max 10.0x"}
{"timestamp": "2026-03-29T19:21:08.748903+00:00", "level": "INFO", "module": "GlobalUtils.logger", "message": "RiskManager initialized - Max exposure/asset: $5000.0, Max leverage: 10.0x, Daily loss cap: $500.0"}
{"timestamp": "2026-03-29T19:48:14.447662+00:00", "level": "ERROR", "module": "GlobalUtils.logger", "message": "MatchingEngine - Funding rates are empty or not passed correctly."}
{"timestamp": "2026-03-29T19:48:14.562737+00:00", "level": "INFO", "module": "GlobalUtils.logger", "message": "RiskManager initialized - Max exposure/asset: $5000.0, Max leverage: 10.0x, Daily loss cap: $500.0"}
{"timestamp": "2026-03-29T19:48:14.677456+00:00", "level": "INFO", "module": "GlobalUtils.logger", "message": "RiskManager initialized - Max exposure/asset: $5000.0, Max leverage: 10.0x, Daily loss cap: $500.0"}
{"timestamp": "2026-03-29T19:48:14.688353+00:00", "level": "WARNING", "module": "GlobalUtils.logger", "message": "RiskManager - Daily loss cap reached: $600.00 >= $500.00"}
{"timestamp": "2026-03-29T19:48:14.701891+00:00", "level": "INFO", "module": "GlobalUtils.logger", "message": "RiskManager initialized - Max exposure/asset: $5000.0, Max leverage: 10.0x, Daily loss cap: $500.0"}
{"timestamp": "2026-03-29T19:48:14.724216+00:00", "level": "INFO", "module": "GlobalUtils.logger", "message": "RiskManager initialized - Max exposure/asset: $5000.0, Max leverage: 10.0x, Daily loss cap: $500.0"}
{"timestamp": "2026-03-29T19:48:14.738243+00:00", "level": "WARNING", "module": "GlobalUtils.logger", "message": "RiskManager - Asset exposure limit exceeded for BTC: current=$4550.00 + new=$1000.00 > limit=$5000.00"}
{"timestamp": "2026-03-29T19:48:14.755438+00:00", "level": "INFO", "module": "GlobalUtils.logger", "message": "RiskManager initialized - Max exposure/asset: $5000.0, Max leverage: 10.0x, Daily loss cap: $500.0"}
{"timestamp": "2026-03-29T19:48:14.788392+00:00", "level": "INFO", "module": "GlobalUtils.logger", "message": "RiskManager initialized - Max exposure/asset: $5000.0, Max leverage: 10.0x, Daily loss cap: $500.0"}
{"timestamp": "2026-03-29T19:48:14.800038+00:00", "level": "WARNING", "module": "GlobalUtils.logger", "message": "RiskManager - Position open for 100.0h exceeds max horizon of 72.0h. Forcing exit."}
{"timestamp": "2026-03-29T19:48:14.816707+00:00", "level": "INFO", "module": "GlobalUtils.logger", "message": "RiskManager initialized - Max exposure/asset: $5000.0, Max leverage: 10.0x, Daily loss cap: $500.0"}
{"timestamp": "2026-03-29T19:48:14.845613+00:00", "level": "INFO", "module": "GlobalUtils.logger", "message": "RiskManager initialized - Max exposure/asset: $5000.0, Max leverage: 10.0x, Daily loss cap: $500.0"}
{"timestamp": "2026-03-29T19:48:14.849815+00:00", "level": "WARNING", "module": "GlobalUtils.logger", "message": "RiskManager - EMERGENCY KILL SWITCH IS ACTIVE. No new trades allowed."}
{"timestamp": "2026-03-29T19:48:14.867461+00:00", "level": "INFO", "module": "GlobalUtils.logger", "message": "RiskManager initialized - Max exposure/asset: $5000.0, Max leverage: 10.0x, Daily loss cap: $500.0"}
{"timestamp": "2026-03-29T19:48:14.872463+00:00", "level": "WARNING", "module": "GlobalUtils.logger", "message": "RiskManager - EMERGENCY KILL SWITCH IS ACTIVE. No new trades allowed."}
{"timestamp": "2026-03-29T19:48:14.888465+00:00", "level": "INFO", "module": "GlobalUtils.logger", "message": "RiskManager initialized - Max exposure/asset: $5000.0, Max leverage: 10.0x, Daily loss cap: $500.0"}
{"timestamp": "2026-03-29T19:48:14.904858+00:00", "level": "INFO", "module": "GlobalUtils.logger", "message": "RiskManager initialized - Max exposure/asset: $5000.0, Max leverage: 10.0x, Daily loss cap: $500.0"}
{"timestamp": "2026-03-29T19:48:14.909072+00:00", "level": "WARNING", "module": "GlobalUtils.logger", "message": "RiskManager - Leverage 15.0x exceeds max 10.0x"}
{"timestamp": "2026-03-29T19:48:14.923127+00:00", "level": "INFO", "module": "GlobalUtils.logger", "message": "RiskManager initialized - Max exposure/asset: $5000.0, Max leverage: 10.0x, Daily loss cap: $500.0"}
{"timestamp": "2026-03-29T19:48:44.990186+00:00", "level": "INFO", "module": "GlobalUtils.logger", "message": "RiskManager initialized - Max exposure/asset: $5000.0, Max leverage: 10.0x, Daily loss cap: $500.0"}
{"timestamp": "2026-03-29T19:48:45.107279+00:00", "level": "INFO", "module": "GlobalUtils.logger", "message": "RiskManager initialized - Max exposure/asset: $5000.0, Max leverage: 10.0x, Daily loss cap: $500.0"}
{"timestamp": "2026-03-29T19:48:45.117838+00:00", "level": "WARNING", "module": "GlobalUtils.logger", "message": "RiskManager - Daily loss cap reached: $600.00 >= $500.00"}
{"timestamp": "2026-03-29T19:48:45.135234+00:00", "level": "INFO", "module": "GlobalUtils.logger", "message": "RiskManager initialized - Max exposure/asset: $5000.0, Max leverage: 10.0x, Daily loss cap: $500.0"}
{"timestamp": "2026-03-29T19:48:45.158634+00:00", "level": "INFO", "module": "GlobalUtils.logger", "message": "RiskManager initialized - Max exposure/asset: $5000.0, Max leverage: 10.0x, Daily loss cap: $500.0"}
{"timestamp": "2026-03-29T19:48:45.179774+00:00", "level": "WARNING", "module": "GlobalUtils.logger", "message": "RiskManager - Asset exposure limit exceeded for BTC: current=$4550.00 + new=$1000.00 > limit=$5000.00"}
{"timestamp": "2026-03-29T19:48:45.196516+00:00", "level": "INFO", "module": "GlobalUtils.logger", "message": "RiskManager initialized - Max exposure/asset: $5000.0, Max leverage: 10.0x, Daily loss cap: $500.0"}
{"timestamp": "2026-03-29T19:48:45.216190+00:00", "level": "INFO", "module": "GlobalUtils.logger", "message": "RiskManager initialized - Max exposure/asset: $5000.0, Max leverage: 10.0x, Daily loss cap: $500.0"}
{"timestamp": "2026-03-29T19:48:45.225695+00:00", "level": "WARNING", "module": "GlobalUtils.logger", "message": "RiskManager - Position open for 100.0h exceeds max horizon of 72.0h. Forcing exit."}
{"timestamp": "2026-03-29T19:48:45.245010+00:00", "level": "INFO", "module": "GlobalUtils.logger", "message": "RiskManager initialized - Max exposure/asset: $5000.0, Max leverage: 10.0x, Daily loss cap: $500.0"}
{"timestamp": "2026-03-29T19:48:45.275268+00:00", "level": "INFO", "module": "GlobalUtils.logger", "message": "RiskManager initialized - Max exposure/asset: $5000.0, Max leverage: 10.0x, Daily loss cap: $500.0"}
{"timestamp": "2026-03-29T19:48:45.280964+00:00", "level": "WARNING", "module": "GlobalUtils.logger", "message": "RiskManager - EMERGENCY KILL SWITCH IS ACTIVE. No new trades allowed."}
{"timestamp": "2026-03-29T19:48:45.309389+00:00", "level": "INFO", "module": "GlobalUtils.logger", "message": "RiskManager initialized - Max exposure/asset: $5000.0, Max leverage: 10.0x, Daily loss cap: $500.0"}
{"timestamp": "2026-03-29T19:48:45.317063+00:00", "level": "WARNING", "module": "GlobalUtils.logger", "message": "RiskManager - EMERGENCY KILL SWITCH IS ACTIVE. No new trades allowed."}
{"timestamp": "2026-03-29T19:48:45.342039+00:00", "level": "INFO", "module": "GlobalUtils.logger", "message": "RiskManager initialized - Max exposure/asset: $5000.0, Max leverage: 10.0x, Daily loss cap: $500.0"}
{"timestamp": "2026-03-29T19:48:45.368909+00:00", "level": "INFO", "module": "GlobalUtils.logger", "message": "RiskManager initialized - Max exposure/asset: $5000.0, Max leverage: 10.0x, Daily loss cap: $500.0"}
{"timestamp": "2026-03-29T19:48:45.377158+00:00", "level": "WARNING", "module": "GlobalUtils.logger", "message": "RiskManager - Leverage 15.0x exceeds max 10.0x"}
{"timestamp": "2026-03-29T19:48:45.408281+00:00", "level": "INFO", "module": "GlobalUtils.logger", "message": "RiskManager initialized - Max exposure/asset: $5000.0, Max leverage: 10.0x, Daily loss cap: $500.0"}
{"timestamp": "2026-03-29T19:49:04.790726+00:00", "level": "INFO", "module": "GlobalUtils.logger", "message": "RiskManager initialized - Max exposure/asset: $5000.0, Max leverage: 10.0x, Daily loss cap: $500.0"}
{"timestamp": "2026-03-29T19:49:04.817260+00:00", "level": "WARNING", "module": "GlobalUtils.logger", "message": "RiskManager - Asset exposure limit exceeded for BTC: current=$4550.00 + new=$1000.00 > limit=$5000.00"}
{"timestamp": "2026-03-29T19:49:46.214065+00:00", "level": "ERROR", "module": "GlobalUtils.logger", "message": "MatchingEngine - Funding rates are empty or not passed correctly."}
{"timestamp": "2026-03-29T19:49:46.293084+00:00", "level": "INFO", "module": "GlobalUtils.logger", "message": "RiskManager initialized - Max exposure/asset: $5000.0, Max leverage: 10.0x, Daily loss cap: $500.0"}
{"timestamp": "2026-03-29T19:49:46.322485+00:00", "level": "INFO", "module": "GlobalUtils.logger", "message": "RiskManager initialized - Max exposure/asset: $5000.0, Max leverage: 10.0x, Daily loss cap: $500.0"}
{"timestamp": "2026-03-29T19:49:46.331104+00:00", "level": "WARNING", "module": "GlobalUtils.logger", "message": "RiskManager - Daily loss cap reached: $600.00 >= $500.00"}
{"timestamp": "2026-03-29T19:49:46.361028+00:00", "level": "INFO", "module": "GlobalUtils.logger", "message": "RiskManager initialized - Max exposure/asset: $5000.0, Max leverage: 10.0x, Daily loss cap: $500.0"}
{"timestamp": "2026-03-29T19:49:46.397467+00:00", "level": "INFO", "module": "GlobalUtils.logger", "message": "RiskManager initialized - Max exposure/asset: $5000.0, Max leverage: 10.0x, Daily loss cap: $500.0"}
{"timestamp": "2026-03-29T19:49:46.406695+00:00", "level": "WARNING", "module": "GlobalUtils.logger", "message": "RiskManager - Asset exposure limit exceeded for BTC: current=$4550.00 + new=$1000.00 > limit=$5000.00"}
{"timestamp": "2026-03-29T19:49:46.443145+00:00", "level": "INFO", "module": "GlobalUtils.logger", "message": "RiskManager initialized - Max exposure/asset: $5000.0, Max leverage: 10.0x, Daily loss cap: $500.0"}
{"timestamp": "2026-03-29T19:49:46.488699+00:00", "level": "INFO", "module": "GlobalUtils.logger", "message": "RiskManager initialized - Max exposure/asset: $5000.0, Max leverage: 10.0x, Daily loss cap: $500.0"}
{"timestamp": "2026-03-29T19:49:46.499807+00:00", "level": "WARNING", "module": "GlobalUtils.logger", "message": "RiskManager - Position open for 100.0h exceeds max horizon of 72.0h. Forcing exit."}
{"timestamp": "2026-03-29T19:49:46.529522+00:00", "level": "INFO", "module": "GlobalUtils.logger", "message": "RiskManager initialized - Max exposure/asset: $5000.0, Max leverage: 10.0x, Daily loss cap: $500.0"}
{"timestamp": "2026-03-29T19:49:46.572999+00:00", "level": "INFO", "module": "GlobalUtils.logger", "message": "RiskManager initialized - Max exposure/asset: $5000.0, Max leverage: 10.0x, Daily loss cap: $500.0"}
{"timestamp": "2026-03-29T19:49:46.578683+00:00", "level": "WARNING", "module": "GlobalUtils.logger", "message": "RiskManager - EMERGENCY KILL SWITCH IS ACTIVE. No new trades allowed."}
{"timestamp": "2026-03-29T19:49:46.621046+00:00", "level": "INFO", "module": "GlobalUtils.logger", "message": "RiskManager initialized - Max exposure/asset: $5000.0, Max leverage: 10.0x, Daily loss cap: $500.0"}
{"timestamp": "2026-03-29T19:49:46.627604+00:00", "level": "WARNING", "module": "GlobalUtils.logger", "message": "RiskManager - EMERGENCY KILL SWITCH IS ACTIVE. No new trades allowed."}
{"timestamp": "2026-03-29T19:49:46.675800+00:00", "level": "INFO", "module": "GlobalUtils.logger", "message": "RiskManager initialized - Max exposure/asset: $5000.0, Max leverage: 10.0x, Daily loss cap: $500.0"}
{"timestamp": "2026-03-29T19:49:46.732960+00:00", "level": "INFO", "module": "GlobalUtils.logger", "message": "RiskManager initialized - Max exposure/asset: $5000.0, Max leverage: 10.0x, Daily loss cap: $500.0"}
{"timestamp": "2026-03-29T19:49:46.740727+00:00", "level": "WARNING", "module": "GlobalUtils.logger", "message": "RiskManager - Leverage 15.0x exceeds max 10.0x"}
{"timestamp": "2026-03-29T19:49:46.801639+00:00", "level": "INFO", "module": "GlobalUtils.logger", "message": "RiskManager initialized - Max exposure/asset: $5000.0, Max leverage: 10.0x, Daily loss cap: $500.0"}
{"timestamp": "2026-03-29T19:52:45.644304+00:00", "level": "ERROR", "module": "GlobalUtils.logger", "message": "MatchingEngine - Funding rates are empty or not passed correctly."}
{"timestamp": "2026-03-29T19:52:45.677553+00:00", "level": "WARNING", "module": "GlobalUtils.logger", "message": "ExecutionSafety - Attempt 1/3 failed: Temporary failure"}
{"timestamp": "2026-03-29T19:52:45.677896+00:00", "level": "INFO", "module": "GlobalUtils.logger", "message": "ExecutionSafety - Retrying in 0.01s..."}
{"timestamp": "2026-03-29T19:52:45.688853+00:00", "level": "WARNING", "module": "GlobalUtils.logger", "message": "ExecutionSafety - Attempt 1/2 failed: Permanent failure"}
{"timestamp": "2026-03-29T19:52:45.689173+00:00", "level": "INFO", "module": "GlobalUtils.logger", "message": "ExecutionSafety - Retrying in 0.01s..."}
{"timestamp": "2026-03-29T19:52:45.700244+00:00", "level": "WARNING", "module": "GlobalUtils.logger", "message": "ExecutionSafety - Attempt 2/2 failed: Permanent failure"}
{"timestamp": "2026-03-29T19:52:45.700518+00:00", "level": "ERROR", "module": "GlobalUtils.logger", "message": "ExecutionSafety - All 2 attempts failed. Last error: Permanent failure"}
{"timestamp": "2026-03-29T19:52:45.701576+00:00", "level": "INFO", "module": "GlobalUtils.logger", "message": "ExecutionSafety - Registered order order-1 for BTC on Binance (long)"}
{"timestamp": "2026-03-29T19:52:45.701874+00:00", "level": "INFO", "module": "GlobalUtils.logger", "message": "ExecutionSafety - Registered order order-1 for BTC on Binance (long)"}
{"timestamp": "2026-03-29T19:52:45.702117+00:00", "level": "INFO", "module": "GlobalUtils.logger", "message": "ExecutionSafety - Spread validation passed. Deterioration: 0.000000"}
{"timestamp": "2026-03-29T19:52:45.702307+00:00", "level": "WARNING", "module": "GlobalUtils.logger", "message": "ExecutionSafety - Spread deteriorated beyond threshold. Original: 0.007000, Current: 0.000000, Deterioration: 0.007000, Max allowed: 0.001000"}
{"timestamp": "2026-03-29T19:52:45.722706+00:00", "level": "INFO", "module": "GlobalUtils.logger", "message": "RiskManager initialized - Max exposure/asset: $5000.0, Max leverage: 10.0x, Daily loss cap: $500.0"}
{"timestamp": "2026-03-29T19:52:45.769673+00:00", "level": "INFO", "module": "GlobalUtils.logger", "message": "RiskManager initialized - Max exposure/asset: $5000.0, Max leverage: 10.0x, Daily loss cap: $500.0"}
{"timestamp": "2026-03-29T19:52:45.785424+00:00", "level": "WARNING", "module": "GlobalUtils.logger", "message": "RiskManager - Daily loss cap reached: $600.00 >= $500.00"}
{"timestamp": "2026-03-29T19:52:45.812637+00:00", "level": "INFO", "module": "GlobalUtils.logger", "message": "RiskManager initialized - Max exposure/asset: $5000.0, Max leverage: 10.0x, Daily loss cap: $500.0"}
{"timestamp": "2026-03-29T19:52:45.839789+00:00", "level": "INFO", "module": "GlobalUtils.logger", "message": "RiskManager initialized - Max exposure/asset: $5000.0, Max leverage: 10.0x, Daily loss cap: $500.0"}
{"timestamp": "2026-03-29T19:52:45.853182+00:00", "level": "WARNING", "module": "GlobalUtils.logger", "message": "RiskManager - Asset exposure limit exceeded for BTC: current=$4550.00 + new=$1000.00 > limit=$5000.00"}
{"timestamp": "2026-03-29T19:52:45.870463+00:00", "level": "INFO", "module": "GlobalUtils.logger", "message": "RiskManager initialized - Max exposure/asset: $5000.0, Max leverage: 10.0x, Daily loss cap: $500.0"}
{"timestamp": "2026-03-29T19:52:45.904159+00:00", "level": "INFO", "module": "GlobalUtils.logger", "message": "RiskManager initialized - Max exposure/asset: $5000.0, Max leverage: 10.0x, Daily loss cap: $500.0"}
{"timestamp": "2026-03-29T19:52:45.923855+00:00", "level": "WARNING", "module": "GlobalUtils.logger", "message": "RiskManager - Position open for 100.0h exceeds max horizon of 72.0h. Forcing exit."}
{"timestamp": "2026-03-29T19:52:45.943897+00:00", "level": "INFO", "module": "GlobalUtils.logger", "message": "RiskManager initialized - Max exposure/asset: $5000.0, Max leverage: 10.0x, Daily loss cap: $500.0"}
{"timestamp": "2026-03-29T19:52:45.965208+00:00", "level": "INFO", "module": "GlobalUtils.logger", "message": "RiskManager initialized - Max exposure/asset: $5000.0, Max leverage: 10.0x, Daily loss cap: $500.0"}
{"timestamp": "2026-03-29T19:52:45.970132+00:00", "level": "WARNING", "module": "GlobalUtils.logger", "message": "RiskManager - EMERGENCY KILL SWITCH IS ACTIVE. No new trades allowed."}
{"timestamp": "2026-03-29T19:52:45.990794+00:00", "level": "INFO", "module": "GlobalUtils.logger", "message": "RiskManager initialized - Max exposure/asset: $5000.0, Max leverage: 10.0x, Daily loss cap: $500.0"}
{"timestamp": "2026-03-29T19:52:45.993315+00:00", "level": "WARNING", "module": "GlobalUtils.logger", "message": "RiskManager - EMERGENCY KILL SWITCH IS ACTIVE. No new trades allowed."}
{"timestamp": "2026-03-29T19:52:46.012294+00:00", "level": "INFO", "module": "GlobalUtils.logger", "message": "RiskManager initialized - Max exposure/asset: $5000.0, Max leverage: 10.0x, Daily loss cap: $500.0"}
{"timestamp": "2026-03-29T19:52:46.031870+00:00", "level": "INFO", "module": "GlobalUtils.logger", "message": "RiskManager initialized - Max exposure/asset: $5000.0, Max leverage: 10.0x, Daily loss cap: $500.0"}
{"timestamp": "2026-03-29T19:52:46.034885+00:00", "level": "WARNING", "module": "GlobalUtils.logger", "message": "RiskManager - Leverage 15.0x exceeds max 10.0x"}
{"timestamp": "2026-03-29T19:52:46.054609+00:00", "level": "INFO", "module": "GlobalUtils.logger", "message": "RiskManager initialized - Max exposure/asset: $5000.0, Max leverage: 10.0x, Daily loss cap: $500.0"}
{"timestamp": "2026-03-29T20:01:03.873485+00:00", "level": "ERROR", "module": "GlobalUtils.logger", "message": "MatchingEngine - Funding rates are empty or not passed correctly."}
{"timestamp": "2026-03-29T20:01:03.913930+00:00", "level": "INFO", "module": "GlobalUtils.logger", "message": "RiskManager initialized - Max exposure/asset: $5000.0, Max leverage: 10.0x, Daily loss cap: $500.0"}
{"timestamp": "2026-03-29T20:01:03.947868+00:00", "level": "INFO", "module": "GlobalUtils.logger", "message": "RiskManager initialized - Max exposure/asset: $5000.0, Max leverage: 10.0x, Daily loss cap: $500.0"}
{"timestamp": "2026-03-29T20:01:03.958178+00:00", "level": "WARNING", "module": "GlobalUtils.logger", "message": "RiskManager - Daily loss cap reached: $600.00 >= $500.00"}
{"timestamp": "2026-03-29T20:01:03.978626+00:00", "level": "INFO", "module": "GlobalUtils.logger", "message": "RiskManager initialized - Max exposure/asset: $5000.0, Max leverage: 10.0x, Daily loss cap: $500.0"}
{"timestamp": "2026-03-29T20:01:04.008621+00:00", "level": "INFO", "module": "GlobalUtils.logger", "message": "RiskManager initialized - Max exposure/asset: $5000.0, Max leverage: 10.0x, Daily loss cap: $500.0"}
{"timestamp": "2026-03-29T20:01:04.018536+00:00", "level": "WARNING", "module": "GlobalUtils.logger", "message": "RiskManager - Asset exposure limit exceeded for BTC: current=$4550.00 + new=$1000.00 > limit=$5000.00"}
{"timestamp": "2026-03-29T20:01:04.042721+00:00", "level": "INFO", "module": "GlobalUtils.logger", "message": "RiskManager initialized - Max exposure/asset: $5000.0, Max leverage: 10.0x, Daily loss cap: $500.0"}
{"timestamp": "2026-03-29T20:01:04.073329+00:00", "level": "INFO", "module": "GlobalUtils.logger", "message": "RiskManager initialized - Max exposure/asset: $5000.0, Max leverage: 10.0x, Daily loss cap: $500.0"}
{"timestamp": "2026-03-29T20:01:04.081804+00:00", "level": "WARNING", "module": "GlobalUtils.logger", "message": "RiskManager - Position open for 100.0h exceeds max horizon of 72.0h. Forcing exit."}
{"timestamp": "2026-03-29T20:01:04.106088+00:00", "level": "INFO", "module": "GlobalUtils.logger", "message": "RiskManager initialized - Max exposure/asset: $5000.0, Max leverage: 10.0x, Daily loss cap: $500.0"}
{"timestamp": "2026-03-29T20:01:04.132385+00:00", "level": "INFO", "module": "GlobalUtils.logger", "message": "RiskManager initialized - Max exposure/asset: $5000.0, Max leverage: 10.0x, Daily loss cap: $500.0"}
{"timestamp": "2026-03-29T20:01:04.134151+00:00", "level": "WARNING", "module": "GlobalUtils.logger", "message": "RiskManager - EMERGENCY KILL SWITCH IS ACTIVE. No new trades allowed."}
{"timestamp": "2026-03-29T20:01:04.162371+00:00", "level": "INFO", "module": "GlobalUtils.logger", "message": "RiskManager initialized - Max exposure/asset: $5000.0, Max leverage: 10.0x, Daily loss cap: $500.0"}
{"timestamp": "2026-03-29T20:01:04.173143+00:00", "level": "WARNING", "module": "GlobalUtils.logger", "message": "RiskManager - EMERGENCY KILL SWITCH IS ACTIVE. No new trades allowed."}
{"timestamp": "2026-03-29T20:01:04.214809+00:00", "level": "INFO", "module": "GlobalUtils.logger", "message": "RiskManager initialized - Max exposure/asset: $5000.0, Max leverage: 10.0x, Daily loss cap: $500.0"}
{"timestamp": "2026-03-29T20:01:04.247090+00:00", "level": "INFO", "module": "GlobalUtils.logger", "message": "RiskManager initialized - Max exposure/asset: $5000.0, Max leverage: 10.0x, Daily loss cap: $500.0"}
{"timestamp": "2026-03-29T20:01:04.250816+00:00", "level": "WARNING", "module": "GlobalUtils.logger", "message": "RiskManager - Leverage 15.0x exceeds max 10.0x"}
{"timestamp": "2026-03-29T20:01:04.290464+00:00", "level": "INFO", "module": "GlobalUtils.logger", "message": "RiskManager initialized - Max exposure/asset: $5000.0, Max leverage: 10.0x, Daily loss cap: $500.0"}
{"timestamp": "2026-03-29T20:01:17.060613+00:00", "level": "INFO", "module": "GlobalUtils.logger", "message": "RiskManager initialized - Max exposure/asset: $5000.0, Max leverage: 10.0x, Daily loss cap: $500.0"}
{"timestamp": "2026-03-29T20:01:17.165941+00:00", "level": "INFO", "module": "GlobalUtils.logger", "message": "RiskManager initialized - Max exposure/asset: $5000.0, Max leverage: 10.0x, Daily loss cap: $500.0"}
{"timestamp": "2026-03-29T20:01:17.185803+00:00", "level": "WARNING", "module": "GlobalUtils.logger", "message": "RiskManager - Daily loss cap reached: $600.00 >= $500.00"}
{"timestamp": "2026-03-29T20:01:17.218922+00:00", "level": "INFO", "module": "GlobalUtils.logger", "message": "RiskManager initialized - Max exposure/asset: $5000.0, Max leverage: 10.0x, Daily loss cap: $500.0"}
{"timestamp": "2026-03-29T20:01:17.253495+00:00", "level": "INFO", "module": "GlobalUtils.logger", "message": "RiskManager initialized - Max exposure/asset: $5000.0, Max leverage: 10.0x, Daily loss cap: $500.0"}
{"timestamp": "2026-03-29T20:01:17.264169+00:00", "level": "WARNING", "module": "GlobalUtils.logger", "message": "RiskManager - Asset exposure limit exceeded for BTC: current=$4550.00 + new=$1000.00 > limit=$5000.00"}
{"timestamp": "2026-03-29T20:01:17.282923+00:00", "level": "INFO", "module": "GlobalUtils.logger", "message": "RiskManager initialized - Max exposure/asset: $5000.0, Max leverage: 10.0x, Daily loss cap: $500.0"}
{"timestamp": "2026-03-29T20:01:17.302107+00:00", "level": "INFO", "module": "GlobalUtils.logger", "message": "RiskManager initialized - Max exposure/asset: $5000.0, Max leverage: 10.0x, Daily loss cap: $500.0"}
{"timestamp": "2026-03-29T20:01:17.308390+00:00", "level": "WARNING", "module": "GlobalUtils.logger", "message": "RiskManager - Position open for 100.0h exceeds max horizon of 72.0h. Forcing exit."}
{"timestamp": "2026-03-29T20:01:17.323723+00:00", "level": "INFO", "module": "GlobalUtils.logger", "message": "RiskManager initialized - Max exposure/asset: $5000.0, Max leverage: 10.0x, Daily loss cap: $500.0"}
{"timestamp": "2026-03-29T20:01:17.339933+00:00", "level": "INFO", "module": "GlobalUtils.logger", "message": "RiskManager initialized - Max exposure/asset: $5000.0, Max leverage: 10.0x, Daily loss cap: $500.0"}
{"timestamp": "2026-03-29T20:01:17.341598+00:00", "level": "WARNING", "module": "GlobalUtils.logger", "message": "RiskManager - EMERGENCY KILL SWITCH IS ACTIVE. No new trades allowed."}
{"timestamp": "2026-03-29T20:01:17.356646+00:00", "level": "INFO", "module": "GlobalUtils.logger", "message": "RiskManager initialized - Max exposure/asset: $5000.0, Max leverage: 10.0x, Daily loss cap: $500.0"}
{"timestamp": "2026-03-29T20:01:17.358860+00:00", "level": "WARNING", "module": "GlobalUtils.logger", "message": "RiskManager - EMERGENCY KILL SWITCH IS ACTIVE. No new trades allowed."}
{"timestamp": "2026-03-29T20:01:17.373890+00:00", "level": "INFO", "module": "GlobalUtils.logger", "message": "RiskManager initialized - Max exposure/asset: $5000.0, Max leverage: 10.0x, Daily loss cap: $500.0"}
{"timestamp": "2026-03-29T20:01:17.391271+00:00", "level": "INFO", "module": "GlobalUtils.logger", "message": "RiskManager initialized - Max exposure/asset: $5000.0, Max leverage: 10.0x, Daily loss cap: $500.0"}
{"timestamp": "2026-03-29T20:01:17.393043+00:00", "level": "WARNING", "module": "GlobalUtils.logger", "message": "RiskManager - Leverage 15.0x exceeds max 10.0x"}
{"timestamp": "2026-03-29T20:01:17.408545+00:00", "level": "INFO", "module": "GlobalUtils.logger", "message": "RiskManager initialized - Max exposure/asset: $5000.0, Max leverage: 10.0x, Daily loss cap: $500.0"}
{"timestamp": "2026-03-29T20:02:59.763578+00:00", "level": "ERROR", "module": "GlobalUtils.logger", "message": "MatchingEngine - Funding rates are empty or not passed correctly."}
{"timestamp": "2026-03-29T20:02:59.873058+00:00", "level": "INFO", "module": "GlobalUtils.logger", "message": "RiskManager initialized - Max exposure/asset: $5000.0, Max leverage: 10.0x, Daily loss cap: $500.0"}
{"timestamp": "2026-03-29T20:02:59.916131+00:00", "level": "INFO", "module": "GlobalUtils.logger", "message": "RiskManager initialized - Max exposure/asset: $5000.0, Max leverage: 10.0x, Daily loss cap: $500.0"}
{"timestamp": "2026-03-29T20:02:59.932833+00:00", "level": "WARNING", "module": "GlobalUtils.logger", "message": "RiskManager - Daily loss cap reached: $600.00 >= $500.00"}
{"timestamp": "2026-03-29T20:02:59.974222+00:00", "level": "INFO", "module": "GlobalUtils.logger", "message": "RiskManager initialized - Max exposure/asset: $5000.0, Max leverage: 10.0x, Daily loss cap: $500.0"}
{"timestamp": "2026-03-29T20:03:00.008457+00:00", "level": "INFO", "module": "GlobalUtils.logger", "message": "RiskManager initialized - Max exposure/asset: $5000.0, Max leverage: 10.0x, Daily loss cap: $500.0"}
{"timestamp": "2026-03-29T20:03:00.019428+00:00", "level": "WARNING", "module": "GlobalUtils.logger", "message": "RiskManager - Asset exposure limit exceeded for BTC: current=$4550.00 + new=$1000.00 > limit=$5000.00"}
{"timestamp": "2026-03-29T20:03:00.048373+00:00", "level": "INFO", "module": "GlobalUtils.logger", "message": "RiskManager initialized - Max exposure/asset: $5000.0, Max leverage: 10.0x, Daily loss cap: $500.0"}
{"timestamp": "2026-03-29T20:03:00.083147+00:00", "level": "INFO", "module": "GlobalUtils.logger", "message": "RiskManager initialized - Max exposure/asset: $5000.0, Max leverage: 10.0x, Daily loss cap: $500.0"}
{"timestamp": "2026-03-29T20:03:00.092216+00:00", "level": "WARNING", "module": "GlobalUtils.logger", "message": "RiskManager - Position open for 100.0h exceeds max horizon of 72.0h. Forcing exit."}
{"timestamp": "2026-03-29T20:03:00.120563+00:00", "level": "INFO", "module": "GlobalUtils.logger", "message": "RiskManager initialized - Max exposure/asset: $5000.0, Max leverage: 10.0x, Daily loss cap: $500.0"}
{"timestamp": "2026-03-29T20:03:00.148913+00:00", "level": "INFO", "module": "GlobalUtils.logger", "message": "RiskManager initialized - Max exposure/asset: $5000.0, Max leverage: 10.0x, Daily loss cap: $500.0"}
{"timestamp": "2026-03-29T20:03:00.152504+00:00", "level": "WARNING", "module": "GlobalUtils.logger", "message": "RiskManager - EMERGENCY KILL SWITCH IS ACTIVE. No new trades allowed."}
{"timestamp": "2026-03-29T20:03:00.179449+00:00", "level": "INFO", "module": "GlobalUtils.logger", "message": "RiskManager initialized - Max exposure/asset: $5000.0, Max leverage: 10.0x, Daily loss cap: $500.0"}
{"timestamp": "2026-03-29T20:03:00.181983+00:00", "level": "WARNING", "module": "GlobalUtils.logger", "message": "RiskManager - EMERGENCY KILL SWITCH IS ACTIVE. No new trades allowed."}
{"timestamp": "2026-03-29T20:03:00.212898+00:00", "level": "INFO", "module": "GlobalUtils.logger", "message": "RiskManager initialized - Max exposure/asset: $5000.0, Max leverage: 10.0x, Daily loss cap: $500.0"}
{"timestamp": "2026-03-29T20:03:00.244042+00:00", "level": "INFO", "module": "GlobalUtils.logger", "message": "RiskManager initialized - Max exposure/asset: $5000.0, Max leverage: 10.0x, Daily loss cap: $500.0"}
{"timestamp": "2026-03-29T20:03:00.248316+00:00", "level": "WARNING", "module": "GlobalUtils.logger", "message": "RiskManager - Leverage 15.0x exceeds max 10.0x"}
{"timestamp": "2026-03-29T20:03:00.273048+00:00", "level": "INFO", "module": "GlobalUtils.logger", "message": "RiskManager initialized - Max exposure/asset: $5000.0, Max leverage: 10.0x, Daily loss cap: $500.0"}
{"timestamp": "2026-03-29T20:03:15.475016+00:00", "level": "ERROR", "module": "GlobalUtils.logger", "message": "MatchingEngine - Funding rates are empty or not passed correctly."}
{"timestamp": "2026-03-29T20:03:15.502024+00:00", "level": "INFO", "module": "GlobalUtils.logger", "message": "RiskManager initialized - Max exposure/asset: $5000.0, Max leverage: 10.0x, Daily loss cap: $500.0"}
{"timestamp": "2026-03-29T20:03:15.530569+00:00", "level": "INFO", "module": "GlobalUtils.logger", "message": "RiskManager initialized - Max exposure/asset: $5000.0, Max leverage: 10.0x, Daily loss cap: $500.0"}
{"timestamp": "2026-03-29T20:03:15.541459+00:00", "level": "WARNING", "module": "GlobalUtils.logger", "message": "RiskManager - Daily loss cap reached: $600.00 >= $500.00"}
{"timestamp": "2026-03-29T20:03:15.564772+00:00", "level": "INFO", "module": "GlobalUtils.logger", "message": "RiskManager initialized - Max exposure/asset: $5000.0, Max leverage: 10.0x, Daily loss cap: $500.0"}
{"timestamp": "2026-03-29T20:03:15.589867+00:00", "level": "INFO", "module": "GlobalUtils.logger", "message": "RiskManager initialized - Max exposure/asset: $5000.0, Max leverage: 10.0x, Daily loss cap: $500.0"}
{"timestamp": "2026-03-29T20:03:15.601204+00:00", "level": "WARNING", "module": "GlobalUtils.logger", "message": "RiskManager - Asset exposure limit exceeded for BTC: current=$4550.00 + new=$1000.00 > limit=$5000.00"}
{"timestamp": "2026-03-29T20:03:15.622501+00:00", "level": "INFO", "module": "GlobalUtils.logger", "message": "RiskManager initialized - Max exposure/asset: $5000.0, Max leverage: 10.0x, Daily loss cap: $500.0"}
{"timestamp": "2026-03-29T20:03:15.645961+00:00", "level": "INFO", "module": "GlobalUtils.logger", "message": "RiskManager initialized - Max exposure/asset: $5000.0, Max leverage: 10.0x, Daily loss cap: $500.0"}
{"timestamp": "2026-03-29T20:03:15.655395+00:00", "level": "WARNING", "module": "GlobalUtils.logger", "message": "RiskManager - Position open for 100.0h exceeds max horizon of 72.0h. Forcing exit."}
{"timestamp": "2026-03-29T20:03:15.680873+00:00", "level": "INFO", "module": "GlobalUtils.logger", "message": "RiskManager initialized - Max exposure/asset: $5000.0, Max leverage: 10.0x, Daily loss cap: $500.0"}
{"timestamp": "2026-03-29T20:03:15.713257+00:00", "level": "INFO", "module": "GlobalUtils.logger", "message": "RiskManager initialized - Max exposure/asset: $5000.0, Max leverage: 10.0x, Daily loss cap: $500.0"}
{"timestamp": "2026-03-29T20:03:15.719674+00:00", "level": "WARNING", "module": "GlobalUtils.logger", "message": "RiskManager - EMERGENCY KILL SWITCH IS ACTIVE. No new trades allowed."}
{"timestamp": "2026-03-29T20:03:15.748566+00:00", "level": "INFO", "module": "GlobalUtils.logger", "message": "RiskManager initialized - Max exposure/asset: $5000.0, Max leverage: 10.0x, Daily loss cap: $500.0"}
{"timestamp": "2026-03-29T20:03:15.751108+00:00", "level": "WARNING", "module": "GlobalUtils.logger", "message": "RiskManager - EMERGENCY KILL SWITCH IS ACTIVE. No new trades allowed."}
{"timestamp": "2026-03-29T20:03:15.773547+00:00", "level": "INFO", "module": "GlobalUtils.logger", "message": "RiskManager initialized - Max exposure/asset: $5000.0, Max leverage: 10.0x, Daily loss cap: $500.0"}
{"timestamp": "2026-03-29T20:03:15.805615+00:00", "level": "INFO", "module": "GlobalUtils.logger", "message": "RiskManager initialized - Max exposure/asset: $5000.0, Max leverage: 10.0x, Daily loss cap: $500.0"}
{"timestamp": "2026-03-29T20:03:15.808269+00:00", "level": "WARNING", "module": "GlobalUtils.logger", "message": "RiskManager - Leverage 15.0x exceeds max 10.0x"}
{"timestamp": "2026-03-29T20:03:15.823191+00:00", "level": "INFO", "module": "GlobalUtils.logger", "message": "RiskManager initialized - Max exposure/asset: $5000.0, Max leverage: 10.0x, Daily loss cap: $500.0"}
{"timestamp": "2026-03-29T20:07:03.174092+00:00", "level": "INFO", "module": "GlobalUtils.logger", "message": "RiskManager initialized - Max exposure/asset: $5000.0, Max leverage: 10.0x, Daily loss cap: $500.0"}
{"timestamp": "2026-03-29T20:07:03.212231+00:00", "level": "INFO", "module": "GlobalUtils.logger", "message": "RiskManager initialized - Max exposure/asset: $5000.0, Max leverage: 10.0x, Daily loss cap: $500.0"}
{"timestamp": "2026-03-29T20:07:03.223958+00:00", "level": "WARNING", "module": "GlobalUtils.logger", "message": "RiskManager - Daily loss cap reached: $600.00 >= $500.00"}
{"timestamp": "2026-03-29T20:07:03.247407+00:00", "level": "INFO", "module": "GlobalUtils.logger", "message": "RiskManager initialized - Max exposure/asset: $5000.0, Max leverage: 10.0x, Daily loss cap: $500.0"}
{"timestamp": "2026-03-29T20:07:03.271709+00:00", "level": "INFO", "module": "GlobalUtils.logger", "message": "RiskManager initialized - Max exposure/asset: $5000.0, Max leverage: 10.0x, Daily loss cap: $500.0"}
{"timestamp": "2026-03-29T20:07:03.283518+00:00", "level": "WARNING", "module": "GlobalUtils.logger", "message": "RiskManager - Asset exposure limit exceeded for BTC: current=$4550.00 + new=$1000.00 > limit=$5000.00"}
{"timestamp": "2026-03-29T20:07:03.307040+00:00", "level": "INFO", "module": "GlobalUtils.logger", "message": "RiskManager initialized - Max exposure/asset: $5000.0, Max leverage: 10.0x, Daily loss cap: $500.0"}
{"timestamp": "2026-03-29T20:07:03.329639+00:00", "level": "INFO", "module": "GlobalUtils.logger", "message": "RiskManager initialized - Max exposure/asset: $5000.0, Max leverage: 10.0x, Daily loss cap: $500.0"}
{"timestamp": "2026-03-29T20:07:03.338786+00:00", "level": "WARNING", "module": "GlobalUtils.logger", "message": "RiskManager - Position open for 100.0h exceeds max horizon of 72.0h. Forcing exit."}
{"timestamp": "2026-03-29T20:07:03.360297+00:00", "level": "INFO", "module": "GlobalUtils.logger", "message": "RiskManager initialized - Max exposure/asset: $5000.0, Max leverage: 10.0x, Daily loss cap: $500.0"}
{"timestamp": "2026-03-29T20:07:03.386264+00:00", "level": "INFO", "module": "GlobalUtils.logger", "message": "RiskManager initialized - Max exposure/asset: $5000.0, Max leverage: 10.0x, Daily loss cap: $500.0"}
{"timestamp": "2026-03-29T20:07:03.389431+00:00", "level": "WARNING", "module": "GlobalUtils.logger", "message": "RiskManager - EMERGENCY KILL SWITCH IS ACTIVE. No new trades allowed."}
{"timestamp": "2026-03-29T20:07:03.414521+00:00", "level": "INFO", "module": "GlobalUtils.logger", "message": "RiskManager initialized - Max exposure/asset: $5000.0, Max leverage: 10.0x, Daily loss cap: $500.0"}
{"timestamp": "2026-03-29T20:07:03.418752+00:00", "level": "WARNING", "module": "GlobalUtils.logger", "message": "RiskManager - EMERGENCY KILL SWITCH IS ACTIVE. No new trades allowed."}
{"timestamp": "2026-03-29T20:07:03.446161+00:00", "level": "INFO", "module": "GlobalUtils.logger", "message": "RiskManager initialized - Max exposure/asset: $5000.0, Max leverage: 10.0x, Daily loss cap: $500.0"}
{"timestamp": "2026-03-29T20:07:03.476083+00:00", "level": "INFO", "module": "GlobalUtils.logger", "message": "RiskManager initialized - Max exposure/asset: $5000.0, Max leverage: 10.0x, Daily loss cap: $500.0"}
{"timestamp": "2026-03-29T20:07:03.478786+00:00", "level": "WARNING", "module": "GlobalUtils.logger", "message": "RiskManager - Leverage 15.0x exceeds max 10.0x"}
{"timestamp": "2026-03-29T20:07:03.505868+00:00", "level": "INFO", "module": "GlobalUtils.logger", "message": "RiskManager initialized - Max exposure/asset: $5000.0, Max leverage: 10.0x, Daily loss cap: $500.0"}
{"timestamp": "2026-03-29T20:12:14.204749+00:00", "level": "INFO", "module": "GlobalUtils.logger", "message": "RiskManager initialized - Max exposure/asset: $5000.0, Max leverage: 10.0x, Daily loss cap: $500.0"}
{"timestamp": "2026-03-29T20:12:14.245847+00:00", "level": "INFO", "module": "GlobalUtils.logger", "message": "RiskManager initialized - Max exposure/asset: $5000.0, Max leverage: 10.0x, Daily loss cap: $500.0"}
{"timestamp": "2026-03-29T20:12:14.255744+00:00", "level": "WARNING", "module": "GlobalUtils.logger", "message": "RiskManager - Daily loss cap reached: $600.00 >= $500.00"}
{"timestamp": "2026-03-29T20:12:14.278608+00:00", "level": "INFO", "module": "GlobalUtils.logger", "message": "RiskManager initialized - Max exposure/asset: $5000.0, Max leverage: 10.0x, Daily loss cap: $500.0"}
{"timestamp": "2026-03-29T20:12:14.299286+00:00", "level": "INFO", "module": "GlobalUtils.logger", "message": "RiskManager initialized - Max exposure/asset: $5000.0, Max leverage: 10.0x, Daily loss cap: $500.0"}
{"timestamp": "2026-03-29T20:12:14.308145+00:00", "level": "WARNING", "module": "GlobalUtils.logger", "message": "RiskManager - Asset exposure limit exceeded for BTC: current=$4550.00 + new=$1000.00 > limit=$5000.00"}
{"timestamp": "2026-03-29T20:12:14.329331+00:00", "level": "INFO", "module": "GlobalUtils.logger", "message": "RiskManager initialized - Max exposure/asset: $5000.0, Max leverage: 10.0x, Daily loss cap: $500.0"}
{"timestamp": "2026-03-29T20:12:14.350921+00:00", "level": "INFO", "module": "GlobalUtils.logger", "message": "RiskManager initialized - Max exposure/asset: $5000.0, Max leverage: 10.0x, Daily loss cap: $500.0"}
{"timestamp": "2026-03-29T20:12:14.358246+00:00", "level": "WARNING", "module": "GlobalUtils.logger", "message": "RiskManager - Position open for 100.0h exceeds max horizon of 72.0h. Forcing exit."}
{"timestamp": "2026-03-29T20:12:14.383814+00:00", "level": "INFO", "module": "GlobalUtils.logger", "message": "RiskManager initialized - Max exposure/asset: $5000.0, Max leverage: 10.0x, Daily loss cap: $500.0"}
{"timestamp": "2026-03-29T20:12:14.408358+00:00", "level": "INFO", "module": "GlobalUtils.logger", "message": "RiskManager initialized - Max exposure/asset: $5000.0, Max leverage: 10.0x, Daily loss cap: $500.0"}
{"timestamp": "2026-03-29T20:12:14.410746+00:00", "level": "WARNING", "module": "GlobalUtils.logger", "message": "RiskManager - EMERGENCY KILL SWITCH IS ACTIVE. No new trades allowed."}
{"timestamp": "2026-03-29T20:12:14.429511+00:00", "level": "INFO", "module": "GlobalUtils.logger", "message": "RiskManager initialized - Max exposure/asset: $5000.0, Max leverage: 10.0x, Daily loss cap: $500.0"}
{"timestamp": "2026-03-29T20:12:14.431837+00:00", "level": "WARNING", "module": "GlobalUtils.logger", "message": "RiskManager - EMERGENCY KILL SWITCH IS ACTIVE. No new trades allowed."}
{"timestamp": "2026-03-29T20:12:14.449835+00:00", "level": "INFO", "module": "GlobalUtils.logger", "message": "RiskManager initialized - Max exposure/asset: $5000.0, Max leverage: 10.0x, Daily loss cap: $500.0"}
{"timestamp": "2026-03-29T20:12:14.475154+00:00", "level": "INFO", "module": "GlobalUtils.logger", "message": "RiskManager initialized - Max exposure/asset: $5000.0, Max leverage: 10.0x, Daily loss cap: $500.0"}
{"timestamp": "2026-03-29T20:12:14.479070+00:00", "level": "WARNING", "module": "GlobalUtils.logger", "message": "RiskManager - Leverage 15.0x exceeds max 10.0x"}
{"timestamp": "2026-03-29T20:12:14.505102+00:00", "level": "INFO", "module": "GlobalUtils.logger", "message": "RiskManager initialized - Max exposure/asset: $5000.0, Max leverage: 10.0x, Daily loss cap: $500.0"}
